This file contains any messages produced by compilers while
running configure, to aid debugging if configure makes a mistake.

It was created by libmicrohttpd configure 0.9.16, which was
generated by GNU Autoconf 2.69.  Invocation command line was

  $ ./configure --no-create --no-recursion

## --------- ##
## Platform. ##
## --------- ##

hostname = node1-1.sb6.orbit-lab.org
uname -m = x86_64
uname -r = 3.19.0-031900-lowlatency
uname -s = Linux
uname -v = #201504091832 SMP PREEMPT Thu Apr 9 17:42:40 UTC 2015

/usr/bin/uname -p = unknown
/bin/uname -X     = unknown

/bin/arch              = unknown
/usr/bin/arch -k       = unknown
/usr/convex/getsysinfo = unknown
/usr/bin/hostinfo      = unknown
/bin/machine           = unknown
/usr/bin/oslevel       = unknown
/bin/universe          = unknown

PATH: /usr/local/sbin
PATH: /usr/local/bin
PATH: /usr/sbin
PATH: /usr/bin
PATH: /sbin
PATH: /bin


## ----------- ##
## Core tests. ##
## ----------- ##

configure:2361: checking for a BSD-compatible install
configure:2429: result: /usr/bin/install -c
configure:2440: checking whether build environment is sane
configure:2490: result: yes
configure:2631: checking for a thread-safe mkdir -p
configure:2670: result: /bin/mkdir -p
configure:2683: checking for gawk
configure:2699: found /usr/bin/gawk
configure:2710: result: gawk
configure:2721: checking whether make sets $(MAKE)
configure:2743: result: yes
configure:2860: checking for gawk
configure:2887: result: gawk
configure:2899: checking whether ln -s works
configure:2903: result: yes
configure:2910: checking whether make sets $(MAKE)
configure:2932: result: yes
configure:2945: checking build system type
configure:2959: result: x86_64-unknown-linux-gnu
configure:2979: checking host system type
configure:2992: result: x86_64-unknown-linux-gnu
configure:3024: checking for style of include used by make
configure:3052: result: GNU
configure:3122: checking for gcc
configure:3138: found /usr/bin/gcc
configure:3149: result: gcc
configure:3378: checking for C compiler version
configure:3387: gcc --version >&5
gcc (Ubuntu 4.8.4-2ubuntu1~14.04) 4.8.4
Copyright (C) 2013 Free Software Foundation, Inc.
This is free software; see the source for copying conditions.  There is NO
warranty; not even for MERCHANTABILITY or FITNESS FOR A PARTICULAR PURPOSE.

configure:3398: $? = 0
configure:3387: gcc -v >&5
Using built-in specs.
COLLECT_GCC=gcc
COLLECT_LTO_WRAPPER=/usr/lib/gcc/x86_64-linux-gnu/4.8/lto-wrapper
Target: x86_64-linux-gnu
Configured with: ../src/configure -v --with-pkgversion='Ubuntu 4.8.4-2ubuntu1~14.04' --with-bugurl=file:///usr/share/doc/gcc-4.8/README.Bugs --enable-languages=c,c++,java,go,d,fortran,objc,obj-c++ --prefix=/usr --program-suffix=-4.8 --enable-shared --enable-linker-build-id --libexecdir=/usr/lib --without-included-gettext --enable-threads=posix --with-gxx-include-dir=/usr/include/c++/4.8 --libdir=/usr/lib --enable-nls --with-sysroot=/ --enable-clocale=gnu --enable-libstdcxx-debug --enable-libstdcxx-time=yes --enable-gnu-unique-object --disable-libmudflap --enable-plugin --with-system-zlib --disable-browser-plugin --enable-java-awt=gtk --enable-gtk-cairo --with-java-home=/usr/lib/jvm/java-1.5.0-gcj-4.8-amd64/jre --enable-java-home --with-jvm-root-dir=/usr/lib/jvm/java-1.5.0-gcj-4.8-amd64 --with-jvm-jar-dir=/usr/lib/jvm-exports/java-1.5.0-gcj-4.8-amd64 --with-arch-directory=amd64 --with-ecj-jar=/usr/share/java/eclipse-ecj.jar --enable-objc-gc --enable-multiarch --disable-werror --with-arch-32=i686 --with-abi=m64 --with-multilib-list=m32,m64,mx32 --with-tune=generic --enable-checking=release --build=x86_64-linux-gnu --host=x86_64-linux-gnu --target=x86_64-linux-gnu
Thread model: posix
gcc version 4.8.4 (Ubuntu 4.8.4-2ubuntu1~14.04) 
configure:3398: $? = 0
configure:3387: gcc -V >&5
gcc: error: unrecognized command line option '-V'
gcc: fatal error: no input files
compilation terminated.
configure:3398: $? = 4
configure:3387: gcc -qversion >&5
gcc: error: unrecognized command line option '-qversion'
gcc: fatal error: no input files
compilation terminated.
configure:3398: $? = 4
configure:3418: checking whether the C compiler works
configure:3440: gcc    conftest.c  >&5
configure:3444: $? = 0
configure:3492: result: yes
configure:3495: checking for C compiler default output file name
configure:3497: result: a.out
configure:3503: checking for suffix of executables
configure:3510: gcc -o conftest    conftest.c  >&5
configure:3514: $? = 0
configure:3536: result: 
configure:3558: checking whether we are cross compiling
configure:3566: gcc -o conftest    conftest.c  >&5
configure:3570: $? = 0
configure:3577: ./conftest
configure:3581: $? = 0
configure:3596: result: no
configure:3601: checking for suffix of object files
configure:3623: gcc -c   conftest.c >&5
configure:3627: $? = 0
configure:3648: result: o
configure:3652: checking whether we are using the GNU C compiler
configure:3671: gcc -c   conftest.c >&5
configure:3671: $? = 0
configure:3680: result: yes
configure:3689: checking whether gcc accepts -g
configure:3709: gcc -c -g  conftest.c >&5
configure:3709: $? = 0
configure:3750: result: yes
configure:3767: checking for gcc option to accept ISO C89
configure:3830: gcc  -c -g -O2  conftest.c >&5
configure:3830: $? = 0
configure:3843: result: none needed
configure:3865: checking dependency style of gcc
configure:3975: result: gcc3
configure:3991: checking whether gcc and cc understand -c and -o together
configure:4022: gcc -c conftest.c -o conftest2.o >&5
configure:4026: $? = 0
configure:4032: gcc -c conftest.c -o conftest2.o >&5
configure:4036: $? = 0
configure:4047: cc -c conftest.c >&5
configure:4051: $? = 0
configure:4059: cc -c conftest.c -o conftest2.o >&5
configure:4063: $? = 0
configure:4069: cc -c conftest.c -o conftest2.o >&5
configure:4073: $? = 0
configure:4091: result: yes
configure:4465: checking how to print strings
configure:4492: result: printf
configure:4513: checking for a sed that does not truncate output
configure:4577: result: /bin/sed
configure:4595: checking for grep that handles long lines and -e
configure:4653: result: /bin/grep
configure:4658: checking for egrep
configure:4720: result: /bin/grep -E
configure:4725: checking for fgrep
configure:4787: result: /bin/grep -F
configure:4822: checking for ld used by gcc
configure:4889: result: /usr/bin/ld
configure:4896: checking if the linker (/usr/bin/ld) is GNU ld
configure:4911: result: yes
configure:4923: checking for BSD- or MS-compatible name lister (nm)
configure:4972: result: /usr/bin/nm -B
configure:5102: checking the name lister (/usr/bin/nm -B) interface
configure:5109: gcc -c -g -O2  conftest.c >&5
configure:5112: /usr/bin/nm -B "conftest.o"
configure:5115: output
0000000000000000 B some_variable
configure:5122: result: BSD nm
configure:5126: checking the maximum length of command line arguments
configure:5251: result: 3458764513820540925
configure:5268: checking whether the shell understands some XSI constructs
configure:5278: result: yes
configure:5282: checking whether the shell understands "+="
configure:5288: result: yes
configure:5323: checking how to convert x86_64-unknown-linux-gnu file names to x86_64-unknown-linux-gnu format
configure:5363: result: func_convert_file_noop
configure:5370: checking how to convert x86_64-unknown-linux-gnu file names to toolchain format
configure:5390: result: func_convert_file_noop
configure:5397: checking for /usr/bin/ld option to reload object files
configure:5404: result: -r
configure:5478: checking for objdump
configure:5505: result: objdump
configure:5534: checking how to recognize dependent libraries
configure:5736: result: pass_all
configure:5821: checking for dlltool
configure:5848: result: dlltool
configure:5878: checking how to associate runtime and link libraries
configure:5905: result: printf %s\n
configure:5966: checking for ar
configure:5982: found /usr/bin/ar
configure:5993: result: ar
configure:6030: checking for archiver @FILE support
configure:6047: gcc -c -g -O2  conftest.c >&5
configure:6047: $? = 0
configure:6050: ar cru libconftest.a @conftest.lst >&5
configure:6053: $? = 0
configure:6058: ar cru libconftest.a @conftest.lst >&5
ar: conftest.o: No such file or directory
configure:6061: $? = 1
configure:6073: result: @
configure:6131: checking for strip
configure:6147: found /usr/bin/strip
configure:6158: result: strip
configure:6230: checking for ranlib
configure:6246: found /usr/bin/ranlib
configure:6257: result: ranlib
configure:6359: checking command to parse /usr/bin/nm -B output from gcc object
configure:6478: gcc -c -g -O2  conftest.c >&5
configure:6481: $? = 0
configure:6485: /usr/bin/nm -B conftest.o \| sed -n -e 's/^.*[ ]\([ABCDGIRSTW][ABCDGIRSTW]*\)[ ][ ]*\([_A-Za-z][_A-Za-z0-9]*\)$/\1 \2 \2/p' | sed '/ __gnu_lto/d' \> conftest.nm
configure:6488: $? = 0
configure:6554: gcc -o conftest -g -O2   conftest.c conftstm.o >&5
configure:6557: $? = 0
configure:6595: result: ok
configure:6632: checking for sysroot
configure:6662: result: no
configure:6739: gcc -c -g -O2  conftest.c >&5
configure:6742: $? = 0
configure:6905: checking for mt
configure:6921: found /bin/mt
configure:6932: result: mt
configure:6955: checking if mt is a manifest tool
configure:6961: mt '-?'
configure:6969: result: no
configure:7601: checking how to run the C preprocessor
configure:7632: gcc -E  conftest.c
configure:7632: $? = 0
configure:7646: gcc -E  conftest.c
conftest.c:11:28: fatal error: ac_nonexistent.h: No such file or directory
 #include <ac_nonexistent.h>
                            ^
compilation terminated.
configure:7646: $? = 1
configure: failed program was:
| /* confdefs.h */
| #define PACKAGE_NAME "libmicrohttpd"
| #define PACKAGE_TARNAME "libmicrohttpd"
| #define PACKAGE_VERSION "0.9.16"
| #define PACKAGE_STRING "libmicrohttpd 0.9.16"
| #define PACKAGE_BUGREPORT "libmicrohttpd@gnu.org"
| #define PACKAGE_URL ""
| #define PACKAGE "libmicrohttpd"
| #define VERSION "0.9.16"
| /* end confdefs.h.  */
| #include <ac_nonexistent.h>
configure:7671: result: gcc -E
configure:7691: gcc -E  conftest.c
configure:7691: $? = 0
configure:7705: gcc -E  conftest.c
conftest.c:11:28: fatal error: ac_nonexistent.h: No such file or directory
 #include <ac_nonexistent.h>
                            ^
compilation terminated.
configure:7705: $? = 1
configure: failed program was:
| /* confdefs.h */
| #define PACKAGE_NAME "libmicrohttpd"
| #define PACKAGE_TARNAME "libmicrohttpd"
| #define PACKAGE_VERSION "0.9.16"
| #define PACKAGE_STRING "libmicrohttpd 0.9.16"
| #define PACKAGE_BUGREPORT "libmicrohttpd@gnu.org"
| #define PACKAGE_URL ""
| #define PACKAGE "libmicrohttpd"
| #define VERSION "0.9.16"
| /* end confdefs.h.  */
| #include <ac_nonexistent.h>
configure:7734: checking for ANSI C header files
configure:7754: gcc -c -g -O2  conftest.c >&5
configure:7754: $? = 0
configure:7827: gcc -o conftest -g -O2   conftest.c  >&5
configure:7827: $? = 0
configure:7827: ./conftest
configure:7827: $? = 0
configure:7838: result: yes
configure:7851: checking for sys/types.h
configure:7851: gcc -c -g -O2  conftest.c >&5
configure:7851: $? = 0
configure:7851: result: yes
configure:7851: checking for sys/stat.h
configure:7851: gcc -c -g -O2  conftest.c >&5
configure:7851: $? = 0
configure:7851: result: yes
configure:7851: checking for stdlib.h
configure:7851: gcc -c -g -O2  conftest.c >&5
configure:7851: $? = 0
configure:7851: result: yes
configure:7851: checking for string.h
configure:7851: gcc -c -g -O2  conftest.c >&5
configure:7851: $? = 0
configure:7851: result: yes
configure:7851: checking for memory.h
configure:7851: gcc -c -g -O2  conftest.c >&5
configure:7851: $? = 0
configure:7851: result: yes
configure:7851: checking for strings.h
configure:7851: gcc -c -g -O2  conftest.c >&5
configure:7851: $? = 0
configure:7851: result: yes
configure:7851: checking for inttypes.h
configure:7851: gcc -c -g -O2  conftest.c >&5
configure:7851: $? = 0
configure:7851: result: yes
configure:7851: checking for stdint.h
configure:7851: gcc -c -g -O2  conftest.c >&5
configure:7851: $? = 0
configure:7851: result: yes
configure:7851: checking for unistd.h
configure:7851: gcc -c -g -O2  conftest.c >&5
configure:7851: $? = 0
configure:7851: result: yes
configure:7865: checking for dlfcn.h
configure:7865: gcc -c -g -O2  conftest.c >&5
configure:7865: $? = 0
configure:7865: result: yes
configure:8050: checking for objdir
configure:8065: result: .libs
configure:8336: checking if gcc supports -fno-rtti -fno-exceptions
configure:8354: gcc -c -g -O2  -fno-rtti -fno-exceptions conftest.c >&5
cc1: warning: command line option '-fno-rtti' is valid for C++/ObjC++ but not for C [enabled by default]
configure:8358: $? = 0
configure:8371: result: no
configure:8681: checking for gcc option to produce PIC
configure:8688: result: -fPIC -DPIC
configure:8696: checking if gcc PIC flag -fPIC -DPIC works
configure:8714: gcc -c -g -O2  -fPIC -DPIC -DPIC conftest.c >&5
configure:8718: $? = 0
configure:8731: result: yes
configure:8760: checking if gcc static flag -static works
configure:8788: result: yes
configure:8803: checking if gcc supports -c -o file.o
configure:8824: gcc -c -g -O2  -o out/conftest2.o conftest.c >&5
configure:8828: $? = 0
configure:8850: result: yes
configure:8858: checking if gcc supports -c -o file.o
configure:8905: result: yes
configure:8938: checking whether the gcc linker (/usr/bin/ld -m elf_x86_64) supports shared libraries
configure:10100: result: yes
configure:10137: checking whether -lc should be explicitly linked in
configure:10145: gcc -c -g -O2  conftest.c >&5
configure:10148: $? = 0
configure:10163: gcc -shared  -fPIC -DPIC conftest.o  -v -Wl,-soname -Wl,conftest -o conftest 2\>\&1 \| /bin/grep  -lc  \>/dev/null 2\>\&1
configure:10166: $? = 0
configure:10180: result: no
configure:10345: checking dynamic linker characteristics
configure:10860: gcc -o conftest -g -O2   -Wl,-rpath -Wl,/foo conftest.c  >&5
configure:10860: $? = 0
configure:11094: result: GNU/Linux ld.so
configure:11201: checking how to hardcode library paths into programs
configure:11226: result: immediate
configure:11766: checking whether stripping libraries is possible
configure:11771: result: yes
configure:11806: checking if libtool supports shared libraries
configure:11808: result: yes
configure:11811: checking whether to build shared libraries
configure:11832: result: yes
configure:11835: checking whether to build static libraries
configure:11839: result: yes
configure:11874: checking whether byte ordering is bigendian
configure:11889: gcc -c -g -O2  conftest.c >&5
conftest.c:24:9: error: unknown type name 'not'
         not a universal capable compiler
         ^
conftest.c:24:15: error: expected '=', ',', ';', 'asm' or '__attribute__' before 'universal'
         not a universal capable compiler
               ^
conftest.c:24:15: error: unknown type name 'universal'
configure:11889: $? = 1
configure: failed program was:
| /* confdefs.h */
| #define PACKAGE_NAME "libmicrohttpd"
| #define PACKAGE_TARNAME "libmicrohttpd"
| #define PACKAGE_VERSION "0.9.16"
| #define PACKAGE_STRING "libmicrohttpd 0.9.16"
| #define PACKAGE_BUGREPORT "libmicrohttpd@gnu.org"
| #define PACKAGE_URL ""
| #define PACKAGE "libmicrohttpd"
| #define VERSION "0.9.16"
| #define STDC_HEADERS 1
| #define HAVE_SYS_TYPES_H 1
| #define HAVE_SYS_STAT_H 1
| #define HAVE_STDLIB_H 1
| #define HAVE_STRING_H 1
| #define HAVE_MEMORY_H 1
| #define HAVE_STRINGS_H 1
| #define HAVE_INTTYPES_H 1
| #define HAVE_STDINT_H 1
| #define HAVE_UNISTD_H 1
| #define HAVE_DLFCN_H 1
| #define LT_OBJDIR ".libs/"
| /* end confdefs.h.  */
| #ifndef __APPLE_CC__
| 	       not a universal capable compiler
| 	     #endif
| 	     typedef int dummy;
| 
configure:11934: gcc -c -g -O2  conftest.c >&5
configure:11934: $? = 0
configure:11952: gcc -c -g -O2  conftest.c >&5
conftest.c: In function 'main':
conftest.c:30:4: error: unknown type name 'not'
    not big endian
    ^
conftest.c:30:12: error: expected '=', ',', ';', 'asm' or '__attribute__' before 'endian'
    not big endian
            ^
configure:11952: $? = 1
configure: failed program was:
| /* confdefs.h */
| #define PACKAGE_NAME "libmicrohttpd"
| #define PACKAGE_TARNAME "libmicrohttpd"
| #define PACKAGE_VERSION "0.9.16"
| #define PACKAGE_STRING "libmicrohttpd 0.9.16"
| #define PACKAGE_BUGREPORT "libmicrohttpd@gnu.org"
| #define PACKAGE_URL ""
| #define PACKAGE "libmicrohttpd"
| #define VERSION "0.9.16"
| #define STDC_HEADERS 1
| #define HAVE_SYS_TYPES_H 1
| #define HAVE_SYS_STAT_H 1
| #define HAVE_STDLIB_H 1
| #define HAVE_STRING_H 1
| #define HAVE_MEMORY_H 1
| #define HAVE_STRINGS_H 1
| #define HAVE_INTTYPES_H 1
| #define HAVE_STDINT_H 1
| #define HAVE_UNISTD_H 1
| #define HAVE_DLFCN_H 1
| #define LT_OBJDIR ".libs/"
| /* end confdefs.h.  */
| #include <sys/types.h>
| 		#include <sys/param.h>
| 
| int
| main ()
| {
| #if BYTE_ORDER != BIG_ENDIAN
| 		 not big endian
| 		#endif
| 
|   ;
|   return 0;
| }
configure:12080: result: no
configure:12100: checking for curl
configure:12116: found /usr/bin/curl
configure:12128: result: true
configure:12598: gcc -o conftest -fno-strict-aliasing -g -O2   conftest.c  >&5
conftest.c: In function 'main':
conftest.c:32:9: warning: null argument where non-null required (argument 1) [-Wnonnull]
         pthread_create(0,0,0,0);
         ^
conftest.c:32:9: warning: null argument where non-null required (argument 3) [-Wnonnull]
/tmp/ccWj2DLN.o: In function `main':
/root/codebase/codebase/httpserver/libmicrohttpd-0.9.16/conftest.c:32: undefined reference to `pthread_create'
collect2: error: ld returned 1 exit status
configure:12598: $? = 1
configure: failed program was:
| /* confdefs.h */
| #define PACKAGE_NAME "libmicrohttpd"
| #define PACKAGE_TARNAME "libmicrohttpd"
| #define PACKAGE_VERSION "0.9.16"
| #define PACKAGE_STRING "libmicrohttpd 0.9.16"
| #define PACKAGE_BUGREPORT "libmicrohttpd@gnu.org"
| #define PACKAGE_URL ""
| #define PACKAGE "libmicrohttpd"
| #define VERSION "0.9.16"
| #define STDC_HEADERS 1
| #define HAVE_SYS_TYPES_H 1
| #define HAVE_SYS_STAT_H 1
| #define HAVE_STDLIB_H 1
| #define HAVE_STRING_H 1
| #define HAVE_MEMORY_H 1
| #define HAVE_STRINGS_H 1
| #define HAVE_INTTYPES_H 1
| #define HAVE_STDINT_H 1
| #define HAVE_UNISTD_H 1
| #define HAVE_DLFCN_H 1
| #define LT_OBJDIR ".libs/"
| #define LINUX 1
| #define HAVE_LISTEN_SHUTDOWN 1
| /* end confdefs.h.  */
| 
|         #include <pthread.h>
| 
| int
| main ()
| {
| 
|         pthread_create(0,0,0,0);
| 
|   ;
|   return 0;
| }
configure:12610: checking for pthread_create in -lpthread
configure:12635: gcc -o conftest -fno-strict-aliasing -g -O2   conftest.c -lpthread   >&5
configure:12635: $? = 0
configure:12644: result: yes
configure:12776: checking fcntl.h usability
configure:12776: gcc -c -fno-strict-aliasing -g -O2  conftest.c >&5
configure:12776: $? = 0
configure:12776: result: yes
configure:12776: checking fcntl.h presence
configure:12776: gcc -E  conftest.c
configure:12776: $? = 0
configure:12776: result: yes
configure:12776: checking for fcntl.h
configure:12776: result: yes
configure:12776: checking math.h usability
configure:12776: gcc -c -fno-strict-aliasing -g -O2  conftest.c >&5
configure:12776: $? = 0
configure:12776: result: yes
configure:12776: checking math.h presence
configure:12776: gcc -E  conftest.c
configure:12776: $? = 0
configure:12776: result: yes
configure:12776: checking for math.h
configure:12776: result: yes
configure:12776: checking errno.h usability
configure:12776: gcc -c -fno-strict-aliasing -g -O2  conftest.c >&5
configure:12776: $? = 0
configure:12776: result: yes
configure:12776: checking errno.h presence
configure:12776: gcc -E  conftest.c
configure:12776: $? = 0
configure:12776: result: yes
configure:12776: checking for errno.h
configure:12776: result: yes
configure:12776: checking limits.h usability
configure:12776: gcc -c -fno-strict-aliasing -g -O2  conftest.c >&5
configure:12776: $? = 0
configure:12776: result: yes
configure:12776: checking limits.h presence
configure:12776: gcc -E  conftest.c
configure:12776: $? = 0
configure:12776: result: yes
configure:12776: checking for limits.h
configure:12776: result: yes
configure:12776: checking stdio.h usability
configure:12776: gcc -c -fno-strict-aliasing -g -O2  conftest.c >&5
configure:12776: $? = 0
configure:12776: result: yes
configure:12776: checking stdio.h presence
configure:12776: gcc -E  conftest.c
configure:12776: $? = 0
configure:12776: result: yes
configure:12776: checking for stdio.h
configure:12776: result: yes
configure:12776: checking locale.h usability
configure:12776: gcc -c -fno-strict-aliasing -g -O2  conftest.c >&5
configure:12776: $? = 0
configure:12776: result: yes
configure:12776: checking locale.h presence
configure:12776: gcc -E  conftest.c
configure:12776: $? = 0
configure:12776: result: yes
configure:12776: checking for locale.h
configure:12776: result: yes
configure:12776: checking for sys/stat.h
configure:12776: result: yes
configure:12776: checking for sys/types.h
configure:12776: result: yes
configure:12776: checking pthread.h usability
configure:12776: gcc -c -fno-strict-aliasing -g -O2  conftest.c >&5
configure:12776: $? = 0
configure:12776: result: yes
configure:12776: checking pthread.h presence
configure:12776: gcc -E  conftest.c
configure:12776: $? = 0
configure:12776: result: yes
configure:12776: checking for pthread.h
configure:12776: result: yes
configure:12793: checking for sys/types.h
configure:12793: result: yes
configure:12793: checking sys/time.h usability
configure:12793: gcc -c -fno-strict-aliasing -g -O2  conftest.c >&5
configure:12793: $? = 0
configure:12793: result: yes
configure:12793: checking sys/time.h presence
configure:12793: gcc -E  conftest.c
configure:12793: $? = 0
configure:12793: result: yes
configure:12793: checking for sys/time.h
configure:12793: result: yes
configure:12793: checking sys/msg.h usability
configure:12793: gcc -c -fno-strict-aliasing -g -O2  conftest.c >&5
configure:12793: $? = 0
configure:12793: result: yes
configure:12793: checking sys/msg.h presence
configure:12793: gcc -E  conftest.c
configure:12793: $? = 0
configure:12793: result: yes
configure:12793: checking for sys/msg.h
configure:12793: result: yes
configure:12793: checking netdb.h usability
configure:12793: gcc -c -fno-strict-aliasing -g -O2  conftest.c >&5
configure:12793: $? = 0
configure:12793: result: yes
configure:12793: checking netdb.h presence
configure:12793: gcc -E  conftest.c
configure:12793: $? = 0
configure:12793: result: yes
configure:12793: checking for netdb.h
configure:12793: result: yes
configure:12793: checking netinet/in.h usability
configure:12793: gcc -c -fno-strict-aliasing -g -O2  conftest.c >&5
configure:12793: $? = 0
configure:12793: result: yes
configure:12793: checking netinet/in.h presence
configure:12793: gcc -E  conftest.c
configure:12793: $? = 0
configure:12793: result: yes
configure:12793: checking for netinet/in.h
configure:12793: result: yes
configure:12793: checking netinet/tcp.h usability
configure:12793: gcc -c -fno-strict-aliasing -g -O2  conftest.c >&5
configure:12793: $? = 0
configure:12793: result: yes
configure:12793: checking netinet/tcp.h presence
configure:12793: gcc -E  conftest.c
configure:12793: $? = 0
configure:12793: result: yes
configure:12793: checking for netinet/tcp.h
configure:12793: result: yes
configure:12793: checking time.h usability
configure:12793: gcc -c -fno-strict-aliasing -g -O2  conftest.c >&5
configure:12793: $? = 0
configure:12793: result: yes
configure:12793: checking time.h presence
configure:12793: gcc -E  conftest.c
configure:12793: $? = 0
configure:12793: result: yes
configure:12793: checking for time.h
configure:12793: result: yes
configure:12793: checking sys/socket.h usability
configure:12793: gcc -c -fno-strict-aliasing -g -O2  conftest.c >&5
configure:12793: $? = 0
configure:12793: result: yes
configure:12793: checking sys/socket.h presence
configure:12793: gcc -E  conftest.c
configure:12793: $? = 0
configure:12793: result: yes
configure:12793: checking for sys/socket.h
configure:12793: result: yes
configure:12793: checking sys/mman.h usability
configure:12793: gcc -c -fno-strict-aliasing -g -O2  conftest.c >&5
configure:12793: $? = 0
configure:12793: result: yes
configure:12793: checking sys/mman.h presence
configure:12793: gcc -E  conftest.c
configure:12793: $? = 0
configure:12793: result: yes
configure:12793: checking for sys/mman.h
configure:12793: result: yes
configure:12793: checking arpa/inet.h usability
configure:12793: gcc -c -fno-strict-aliasing -g -O2  conftest.c >&5
configure:12793: $? = 0
configure:12793: result: yes
configure:12793: checking arpa/inet.h presence
configure:12793: gcc -E  conftest.c
configure:12793: $? = 0
configure:12793: result: yes
configure:12793: checking for arpa/inet.h
configure:12793: result: yes
configure:12793: checking sys/select.h usability
configure:12793: gcc -c -fno-strict-aliasing -g -O2  conftest.c >&5
configure:12793: $? = 0
configure:12793: result: yes
configure:12793: checking sys/select.h presence
configure:12793: gcc -E  conftest.c
configure:12793: $? = 0
configure:12793: result: yes
configure:12793: checking for sys/select.h
configure:12793: result: yes
configure:12793: checking poll.h usability
configure:12793: gcc -c -fno-strict-aliasing -g -O2  conftest.c >&5
configure:12793: $? = 0
configure:12793: result: yes
configure:12793: checking poll.h presence
configure:12793: gcc -E  conftest.c
configure:12793: $? = 0
configure:12793: result: yes
configure:12793: checking for poll.h
configure:12793: result: yes
configure:12793: checking winsock2.h usability
configure:12793: gcc -c -fno-strict-aliasing -g -O2  conftest.c >&5
conftest.c:79:22: fatal error: winsock2.h: No such file or directory
 #include <winsock2.h>
                      ^
compilation terminated.
configure:12793: $? = 1
configure: failed program was:
| /* confdefs.h */
| #define PACKAGE_NAME "libmicrohttpd"
| #define PACKAGE_TARNAME "libmicrohttpd"
| #define PACKAGE_VERSION "0.9.16"
| #define PACKAGE_STRING "libmicrohttpd 0.9.16"
| #define PACKAGE_BUGREPORT "libmicrohttpd@gnu.org"
| #define PACKAGE_URL ""
| #define PACKAGE "libmicrohttpd"
| #define VERSION "0.9.16"
| #define STDC_HEADERS 1
| #define HAVE_SYS_TYPES_H 1
| #define HAVE_SYS_STAT_H 1
| #define HAVE_STDLIB_H 1
| #define HAVE_STRING_H 1
| #define HAVE_MEMORY_H 1
| #define HAVE_STRINGS_H 1
| #define HAVE_INTTYPES_H 1
| #define HAVE_STDINT_H 1
| #define HAVE_UNISTD_H 1
| #define HAVE_DLFCN_H 1
| #define LT_OBJDIR ".libs/"
| #define LINUX 1
| #define HAVE_LISTEN_SHUTDOWN 1
| #define HAVE_FCNTL_H 1
| #define HAVE_MATH_H 1
| #define HAVE_ERRNO_H 1
| #define HAVE_LIMITS_H 1
| #define HAVE_STDIO_H 1
| #define HAVE_LOCALE_H 1
| #define HAVE_SYS_STAT_H 1
| #define HAVE_SYS_TYPES_H 1
| #define HAVE_PTHREAD_H 1
| #define HAVE_SYS_TYPES_H 1
| #define HAVE_SYS_TIME_H 1
| #define HAVE_SYS_MSG_H 1
| #define HAVE_NETDB_H 1
| #define HAVE_NETINET_IN_H 1
| #define HAVE_NETINET_TCP_H 1
| #define HAVE_TIME_H 1
| #define HAVE_SYS_SOCKET_H 1
| #define HAVE_SYS_MMAN_H 1
| #define HAVE_ARPA_INET_H 1
| #define HAVE_SYS_SELECT_H 1
| #define HAVE_POLL_H 1
| /* end confdefs.h.  */
| #include <stdio.h>
| #ifdef HAVE_SYS_TYPES_H
| # include <sys/types.h>
| #endif
| #ifdef HAVE_SYS_STAT_H
| # include <sys/stat.h>
| #endif
| #ifdef STDC_HEADERS
| # include <stdlib.h>
| # include <stddef.h>
| #else
| # ifdef HAVE_STDLIB_H
| #  include <stdlib.h>
| # endif
| #endif
| #ifdef HAVE_STRING_H
| # if !defined STDC_HEADERS && defined HAVE_MEMORY_H
| #  include <memory.h>
| # endif
| # include <string.h>
| #endif
| #ifdef HAVE_STRINGS_H
| # include <strings.h>
| #endif
| #ifdef HAVE_INTTYPES_H
| # include <inttypes.h>
| #endif
| #ifdef HAVE_STDINT_H
| # include <stdint.h>
| #endif
| #ifdef HAVE_UNISTD_H
| # include <unistd.h>
| #endif
| #include <winsock2.h>
configure:12793: result: no
configure:12793: checking winsock2.h presence
configure:12793: gcc -E  conftest.c
conftest.c:46:22: fatal error: winsock2.h: No such file or directory
 #include <winsock2.h>
                      ^
compilation terminated.
configure:12793: $? = 1
configure: failed program was:
| /* confdefs.h */
| #define PACKAGE_NAME "libmicrohttpd"
| #define PACKAGE_TARNAME "libmicrohttpd"
| #define PACKAGE_VERSION "0.9.16"
| #define PACKAGE_STRING "libmicrohttpd 0.9.16"
| #define PACKAGE_BUGREPORT "libmicrohttpd@gnu.org"
| #define PACKAGE_URL ""
| #define PACKAGE "libmicrohttpd"
| #define VERSION "0.9.16"
| #define STDC_HEADERS 1
| #define HAVE_SYS_TYPES_H 1
| #define HAVE_SYS_STAT_H 1
| #define HAVE_STDLIB_H 1
| #define HAVE_STRING_H 1
| #define HAVE_MEMORY_H 1
| #define HAVE_STRINGS_H 1
| #define HAVE_INTTYPES_H 1
| #define HAVE_STDINT_H 1
| #define HAVE_UNISTD_H 1
| #define HAVE_DLFCN_H 1
| #define LT_OBJDIR ".libs/"
| #define LINUX 1
| #define HAVE_LISTEN_SHUTDOWN 1
| #define HAVE_FCNTL_H 1
| #define HAVE_MATH_H 1
| #define HAVE_ERRNO_H 1
| #define HAVE_LIMITS_H 1
| #define HAVE_STDIO_H 1
| #define HAVE_LOCALE_H 1
| #define HAVE_SYS_STAT_H 1
| #define HAVE_SYS_TYPES_H 1
| #define HAVE_PTHREAD_H 1
| #define HAVE_SYS_TYPES_H 1
| #define HAVE_SYS_TIME_H 1
| #define HAVE_SYS_MSG_H 1
| #define HAVE_NETDB_H 1
| #define HAVE_NETINET_IN_H 1
| #define HAVE_NETINET_TCP_H 1
| #define HAVE_TIME_H 1
| #define HAVE_SYS_SOCKET_H 1
| #define HAVE_SYS_MMAN_H 1
| #define HAVE_ARPA_INET_H 1
| #define HAVE_SYS_SELECT_H 1
| #define HAVE_POLL_H 1
| /* end confdefs.h.  */
| #include <winsock2.h>
configure:12793: result: no
configure:12793: checking for winsock2.h
configure:12793: result: no
configure:12793: checking ws2tcpip.h usability
configure:12793: gcc -c -fno-strict-aliasing -g -O2  conftest.c >&5
conftest.c:79:22: fatal error: ws2tcpip.h: No such file or directory
 #include <ws2tcpip.h>
                      ^
compilation terminated.
configure:12793: $? = 1
configure: failed program was:
| /* confdefs.h */
| #define PACKAGE_NAME "libmicrohttpd"
| #define PACKAGE_TARNAME "libmicrohttpd"
| #define PACKAGE_VERSION "0.9.16"
| #define PACKAGE_STRING "libmicrohttpd 0.9.16"
| #define PACKAGE_BUGREPORT "libmicrohttpd@gnu.org"
| #define PACKAGE_URL ""
| #define PACKAGE "libmicrohttpd"
| #define VERSION "0.9.16"
| #define STDC_HEADERS 1
| #define HAVE_SYS_TYPES_H 1
| #define HAVE_SYS_STAT_H 1
| #define HAVE_STDLIB_H 1
| #define HAVE_STRING_H 1
| #define HAVE_MEMORY_H 1
| #define HAVE_STRINGS_H 1
| #define HAVE_INTTYPES_H 1
| #define HAVE_STDINT_H 1
| #define HAVE_UNISTD_H 1
| #define HAVE_DLFCN_H 1
| #define LT_OBJDIR ".libs/"
| #define LINUX 1
| #define HAVE_LISTEN_SHUTDOWN 1
| #define HAVE_FCNTL_H 1
| #define HAVE_MATH_H 1
| #define HAVE_ERRNO_H 1
| #define HAVE_LIMITS_H 1
| #define HAVE_STDIO_H 1
| #define HAVE_LOCALE_H 1
| #define HAVE_SYS_STAT_H 1
| #define HAVE_SYS_TYPES_H 1
| #define HAVE_PTHREAD_H 1
| #define HAVE_SYS_TYPES_H 1
| #define HAVE_SYS_TIME_H 1
| #define HAVE_SYS_MSG_H 1
| #define HAVE_NETDB_H 1
| #define HAVE_NETINET_IN_H 1
| #define HAVE_NETINET_TCP_H 1
| #define HAVE_TIME_H 1
| #define HAVE_SYS_SOCKET_H 1
| #define HAVE_SYS_MMAN_H 1
| #define HAVE_ARPA_INET_H 1
| #define HAVE_SYS_SELECT_H 1
| #define HAVE_POLL_H 1
| /* end confdefs.h.  */
| #include <stdio.h>
| #ifdef HAVE_SYS_TYPES_H
| # include <sys/types.h>
| #endif
| #ifdef HAVE_SYS_STAT_H
| # include <sys/stat.h>
| #endif
| #ifdef STDC_HEADERS
| # include <stdlib.h>
| # include <stddef.h>
| #else
| # ifdef HAVE_STDLIB_H
| #  include <stdlib.h>
| # endif
| #endif
| #ifdef HAVE_STRING_H
| # if !defined STDC_HEADERS && defined HAVE_MEMORY_H
| #  include <memory.h>
| # endif
| # include <string.h>
| #endif
| #ifdef HAVE_STRINGS_H
| # include <strings.h>
| #endif
| #ifdef HAVE_INTTYPES_H
| # include <inttypes.h>
| #endif
| #ifdef HAVE_STDINT_H
| # include <stdint.h>
| #endif
| #ifdef HAVE_UNISTD_H
| # include <unistd.h>
| #endif
| #include <ws2tcpip.h>
configure:12793: result: no
configure:12793: checking ws2tcpip.h presence
configure:12793: gcc -E  conftest.c
conftest.c:46:22: fatal error: ws2tcpip.h: No such file or directory
 #include <ws2tcpip.h>
                      ^
compilation terminated.
configure:12793: $? = 1
configure: failed program was:
| /* confdefs.h */
| #define PACKAGE_NAME "libmicrohttpd"
| #define PACKAGE_TARNAME "libmicrohttpd"
| #define PACKAGE_VERSION "0.9.16"
| #define PACKAGE_STRING "libmicrohttpd 0.9.16"
| #define PACKAGE_BUGREPORT "libmicrohttpd@gnu.org"
| #define PACKAGE_URL ""
| #define PACKAGE "libmicrohttpd"
| #define VERSION "0.9.16"
| #define STDC_HEADERS 1
| #define HAVE_SYS_TYPES_H 1
| #define HAVE_SYS_STAT_H 1
| #define HAVE_STDLIB_H 1
| #define HAVE_STRING_H 1
| #define HAVE_MEMORY_H 1
| #define HAVE_STRINGS_H 1
| #define HAVE_INTTYPES_H 1
| #define HAVE_STDINT_H 1
| #define HAVE_UNISTD_H 1
| #define HAVE_DLFCN_H 1
| #define LT_OBJDIR ".libs/"
| #define LINUX 1
| #define HAVE_LISTEN_SHUTDOWN 1
| #define HAVE_FCNTL_H 1
| #define HAVE_MATH_H 1
| #define HAVE_ERRNO_H 1
| #define HAVE_LIMITS_H 1
| #define HAVE_STDIO_H 1
| #define HAVE_LOCALE_H 1
| #define HAVE_SYS_STAT_H 1
| #define HAVE_SYS_TYPES_H 1
| #define HAVE_PTHREAD_H 1
| #define HAVE_SYS_TYPES_H 1
| #define HAVE_SYS_TIME_H 1
| #define HAVE_SYS_MSG_H 1
| #define HAVE_NETDB_H 1
| #define HAVE_NETINET_IN_H 1
| #define HAVE_NETINET_TCP_H 1
| #define HAVE_TIME_H 1
| #define HAVE_SYS_SOCKET_H 1
| #define HAVE_SYS_MMAN_H 1
| #define HAVE_ARPA_INET_H 1
| #define HAVE_SYS_SELECT_H 1
| #define HAVE_POLL_H 1
| /* end confdefs.h.  */
| #include <ws2tcpip.h>
configure:12793: result: no
configure:12793: checking for ws2tcpip.h
configure:12793: result: no
configure:12807: checking plibc.h usability
configure:12807: gcc -c -fno-strict-aliasing -g -O2  conftest.c >&5
conftest.c:79:19: fatal error: plibc.h: No such file or directory
 #include <plibc.h>
                   ^
compilation terminated.
configure:12807: $? = 1
configure: failed program was:
| /* confdefs.h */
| #define PACKAGE_NAME "libmicrohttpd"
| #define PACKAGE_TARNAME "libmicrohttpd"
| #define PACKAGE_VERSION "0.9.16"
| #define PACKAGE_STRING "libmicrohttpd 0.9.16"
| #define PACKAGE_BUGREPORT "libmicrohttpd@gnu.org"
| #define PACKAGE_URL ""
| #define PACKAGE "libmicrohttpd"
| #define VERSION "0.9.16"
| #define STDC_HEADERS 1
| #define HAVE_SYS_TYPES_H 1
| #define HAVE_SYS_STAT_H 1
| #define HAVE_STDLIB_H 1
| #define HAVE_STRING_H 1
| #define HAVE_MEMORY_H 1
| #define HAVE_STRINGS_H 1
| #define HAVE_INTTYPES_H 1
| #define HAVE_STDINT_H 1
| #define HAVE_UNISTD_H 1
| #define HAVE_DLFCN_H 1
| #define LT_OBJDIR ".libs/"
| #define LINUX 1
| #define HAVE_LISTEN_SHUTDOWN 1
| #define HAVE_FCNTL_H 1
| #define HAVE_MATH_H 1
| #define HAVE_ERRNO_H 1
| #define HAVE_LIMITS_H 1
| #define HAVE_STDIO_H 1
| #define HAVE_LOCALE_H 1
| #define HAVE_SYS_STAT_H 1
| #define HAVE_SYS_TYPES_H 1
| #define HAVE_PTHREAD_H 1
| #define HAVE_SYS_TYPES_H 1
| #define HAVE_SYS_TIME_H 1
| #define HAVE_SYS_MSG_H 1
| #define HAVE_NETDB_H 1
| #define HAVE_NETINET_IN_H 1
| #define HAVE_NETINET_TCP_H 1
| #define HAVE_TIME_H 1
| #define HAVE_SYS_SOCKET_H 1
| #define HAVE_SYS_MMAN_H 1
| #define HAVE_ARPA_INET_H 1
| #define HAVE_SYS_SELECT_H 1
| #define HAVE_POLL_H 1
| /* end confdefs.h.  */
| #include <stdio.h>
| #ifdef HAVE_SYS_TYPES_H
| # include <sys/types.h>
| #endif
| #ifdef HAVE_SYS_STAT_H
| # include <sys/stat.h>
| #endif
| #ifdef STDC_HEADERS
| # include <stdlib.h>
| # include <stddef.h>
| #else
| # ifdef HAVE_STDLIB_H
| #  include <stdlib.h>
| # endif
| #endif
| #ifdef HAVE_STRING_H
| # if !defined STDC_HEADERS && defined HAVE_MEMORY_H
| #  include <memory.h>
| # endif
| # include <string.h>
| #endif
| #ifdef HAVE_STRINGS_H
| # include <strings.h>
| #endif
| #ifdef HAVE_INTTYPES_H
| # include <inttypes.h>
| #endif
| #ifdef HAVE_STDINT_H
| # include <stdint.h>
| #endif
| #ifdef HAVE_UNISTD_H
| # include <unistd.h>
| #endif
| #include <plibc.h>
configure:12807: result: no
configure:12807: checking plibc.h presence
configure:12807: gcc -E  conftest.c
conftest.c:46:19: fatal error: plibc.h: No such file or directory
 #include <plibc.h>
                   ^
compilation terminated.
configure:12807: $? = 1
configure: failed program was:
| /* confdefs.h */
| #define PACKAGE_NAME "libmicrohttpd"
| #define PACKAGE_TARNAME "libmicrohttpd"
| #define PACKAGE_VERSION "0.9.16"
| #define PACKAGE_STRING "libmicrohttpd 0.9.16"
| #define PACKAGE_BUGREPORT "libmicrohttpd@gnu.org"
| #define PACKAGE_URL ""
| #define PACKAGE "libmicrohttpd"
| #define VERSION "0.9.16"
| #define STDC_HEADERS 1
| #define HAVE_SYS_TYPES_H 1
| #define HAVE_SYS_STAT_H 1
| #define HAVE_STDLIB_H 1
| #define HAVE_STRING_H 1
| #define HAVE_MEMORY_H 1
| #define HAVE_STRINGS_H 1
| #define HAVE_INTTYPES_H 1
| #define HAVE_STDINT_H 1
| #define HAVE_UNISTD_H 1
| #define HAVE_DLFCN_H 1
| #define LT_OBJDIR ".libs/"
| #define LINUX 1
| #define HAVE_LISTEN_SHUTDOWN 1
| #define HAVE_FCNTL_H 1
| #define HAVE_MATH_H 1
| #define HAVE_ERRNO_H 1
| #define HAVE_LIMITS_H 1
| #define HAVE_STDIO_H 1
| #define HAVE_LOCALE_H 1
| #define HAVE_SYS_STAT_H 1
| #define HAVE_SYS_TYPES_H 1
| #define HAVE_PTHREAD_H 1
| #define HAVE_SYS_TYPES_H 1
| #define HAVE_SYS_TIME_H 1
| #define HAVE_SYS_MSG_H 1
| #define HAVE_NETDB_H 1
| #define HAVE_NETINET_IN_H 1
| #define HAVE_NETINET_TCP_H 1
| #define HAVE_TIME_H 1
| #define HAVE_SYS_SOCKET_H 1
| #define HAVE_SYS_MMAN_H 1
| #define HAVE_ARPA_INET_H 1
| #define HAVE_SYS_SELECT_H 1
| #define HAVE_POLL_H 1
| /* end confdefs.h.  */
| #include <plibc.h>
configure:12807: result: no
configure:12807: checking for plibc.h
configure:12807: result: no
configure:12830: checking for memmem
configure:12830: gcc -o conftest -fno-strict-aliasing -g -O2   conftest.c -lpthread  >&5
configure:12830: $? = 0
configure:12830: result: yes
configure:12841: checking for IPv6
configure:12873: gcc -c -fno-strict-aliasing -g -O2  conftest.c >&5
configure:12873: $? = 0
configure:12885: result: yes
configure:12889: checking whether TCP_CORK is declared
configure:12889: gcc -c -fno-strict-aliasing -g -O2  conftest.c >&5
configure:12889: $? = 0
configure:12889: result: yes
configure:12903: checking whether TCP_NOPUSH is declared
configure:12903: gcc -c -fno-strict-aliasing -g -O2  conftest.c >&5
conftest.c: In function 'main':
conftest.c:58:10: error: 'TCP_NOPUSH' undeclared (first use in this function)
   (void) TCP_NOPUSH;
          ^
conftest.c:58:10: note: each undeclared identifier is reported only once for each function it appears in
configure:12903: $? = 1
configure: failed program was:
| /* confdefs.h */
| #define PACKAGE_NAME "libmicrohttpd"
| #define PACKAGE_TARNAME "libmicrohttpd"
| #define PACKAGE_VERSION "0.9.16"
| #define PACKAGE_STRING "libmicrohttpd 0.9.16"
| #define PACKAGE_BUGREPORT "libmicrohttpd@gnu.org"
| #define PACKAGE_URL ""
| #define PACKAGE "libmicrohttpd"
| #define VERSION "0.9.16"
| #define STDC_HEADERS 1
| #define HAVE_SYS_TYPES_H 1
| #define HAVE_SYS_STAT_H 1
| #define HAVE_STDLIB_H 1
| #define HAVE_STRING_H 1
| #define HAVE_MEMORY_H 1
| #define HAVE_STRINGS_H 1
| #define HAVE_INTTYPES_H 1
| #define HAVE_STDINT_H 1
| #define HAVE_UNISTD_H 1
| #define HAVE_DLFCN_H 1
| #define LT_OBJDIR ".libs/"
| #define LINUX 1
| #define HAVE_LISTEN_SHUTDOWN 1
| #define HAVE_FCNTL_H 1
| #define HAVE_MATH_H 1
| #define HAVE_ERRNO_H 1
| #define HAVE_LIMITS_H 1
| #define HAVE_STDIO_H 1
| #define HAVE_LOCALE_H 1
| #define HAVE_SYS_STAT_H 1
| #define HAVE_SYS_TYPES_H 1
| #define HAVE_PTHREAD_H 1
| #define HAVE_SYS_TYPES_H 1
| #define HAVE_SYS_TIME_H 1
| #define HAVE_SYS_MSG_H 1
| #define HAVE_NETDB_H 1
| #define HAVE_NETINET_IN_H 1
| #define HAVE_NETINET_TCP_H 1
| #define HAVE_TIME_H 1
| #define HAVE_SYS_SOCKET_H 1
| #define HAVE_SYS_MMAN_H 1
| #define HAVE_ARPA_INET_H 1
| #define HAVE_SYS_SELECT_H 1
| #define HAVE_POLL_H 1
| #define HAVE_MEMMEM 1
| #define HAVE_INET6 1
| #define HAVE_DECL_TCP_CORK 1
| /* end confdefs.h.  */
| #include <netinet/tcp.h>
| 
| int
| main ()
| {
| #ifndef TCP_NOPUSH
| #ifdef __cplusplus
|   (void) TCP_NOPUSH;
| #else
|   (void) TCP_NOPUSH;
| #endif
| #endif
| 
|   ;
|   return 0;
| }
configure:12903: result: no
configure:12919: checking whether to use libcurl for testing
configure:12928: result: yes
configure:12968: checking for gawk
configure:12995: result: gawk
configure:13057: checking for curl-config
configure:13090: result: no
configure:13166: checking whether libcurl is usable
configure:13199: gcc -o conftest -fno-strict-aliasing -g -O2    conftest.c  -lcurl -lpthread  >&5
conftest.c:50:23: fatal error: curl/curl.h: No such file or directory
 #include <curl/curl.h>
                       ^
compilation terminated.
configure:13199: $? = 1
configure: failed program was:
| /* confdefs.h */
| #define PACKAGE_NAME "libmicrohttpd"
| #define PACKAGE_TARNAME "libmicrohttpd"
| #define PACKAGE_VERSION "0.9.16"
| #define PACKAGE_STRING "libmicrohttpd 0.9.16"
| #define PACKAGE_BUGREPORT "libmicrohttpd@gnu.org"
| #define PACKAGE_URL ""
| #define PACKAGE "libmicrohttpd"
| #define VERSION "0.9.16"
| #define STDC_HEADERS 1
| #define HAVE_SYS_TYPES_H 1
| #define HAVE_SYS_STAT_H 1
| #define HAVE_STDLIB_H 1
| #define HAVE_STRING_H 1
| #define HAVE_MEMORY_H 1
| #define HAVE_STRINGS_H 1
| #define HAVE_INTTYPES_H 1
| #define HAVE_STDINT_H 1
| #define HAVE_UNISTD_H 1
| #define HAVE_DLFCN_H 1
| #define LT_OBJDIR ".libs/"
| #define LINUX 1
| #define HAVE_LISTEN_SHUTDOWN 1
| #define HAVE_FCNTL_H 1
| #define HAVE_MATH_H 1
| #define HAVE_ERRNO_H 1
| #define HAVE_LIMITS_H 1
| #define HAVE_STDIO_H 1
| #define HAVE_LOCALE_H 1
| #define HAVE_SYS_STAT_H 1
| #define HAVE_SYS_TYPES_H 1
| #define HAVE_PTHREAD_H 1
| #define HAVE_SYS_TYPES_H 1
| #define HAVE_SYS_TIME_H 1
| #define HAVE_SYS_MSG_H 1
| #define HAVE_NETDB_H 1
| #define HAVE_NETINET_IN_H 1
| #define HAVE_NETINET_TCP_H 1
| #define HAVE_TIME_H 1
| #define HAVE_SYS_SOCKET_H 1
| #define HAVE_SYS_MMAN_H 1
| #define HAVE_ARPA_INET_H 1
| #define HAVE_SYS_SELECT_H 1
| #define HAVE_POLL_H 1
| #define HAVE_MEMMEM 1
| #define HAVE_INET6 1
| #define HAVE_DECL_TCP_CORK 1
| #define HAVE_DECL_TCP_NOPUSH 0
| /* end confdefs.h.  */
| #include <curl/curl.h>
| int
| main ()
| {
| 
| /* Try and use a few common options to force a failure if we are
|    missing symbols or can't link. */
| int x;
| curl_easy_setopt(NULL,CURLOPT_URL,NULL);
| x=CURL_ERROR_SIZE;
| x=CURLOPT_WRITEFUNCTION;
| x=CURLOPT_FILE;
| x=CURLOPT_ERRORBUFFER;
| x=CURLOPT_STDERR;
| x=CURLOPT_VERBOSE;
| 
|   ;
|   return 0;
| }
configure:13213: result: no
configure:13350: checking for special C compiler options needed for large files
configure:13395: result: no
configure:13401: checking for _FILE_OFFSET_BITS value needed for large files
configure:13426: gcc -c -fno-strict-aliasing -g -O2  conftest.c >&5
configure:13426: $? = 0
configure:13458: result: no
configure:13543: checking for _LARGEFILE_SOURCE value needed for large files
configure:13562: gcc -o conftest -fno-strict-aliasing -g -O2   conftest.c -lpthread  >&5
configure:13562: $? = 0
configure:13590: result: no
configure:13613: checking whether to generate error messages
configure:13622: result: yes
configure:13637: checking whether to enable postprocessor
configure:13646: result: 
configure:13661: checking for zzuf
configure:13689: result: 0
configure:13699: checking for socat
configure:13727: result: 0
configure:13770: checking for libgcrypt-config
configure:13788: found /usr/bin/libgcrypt-config
configure:13801: result: /usr/bin/libgcrypt-config
configure:13818: checking for LIBGCRYPT - version >= 1.2.2
configure:13852: result: yes (1.5.3)
configure:13901: checking for gnutls
configure:14023: result: --with-gnutls not specified
configure:14027: checking gnutls/gnutls.h usability
configure:14027: gcc -c -fno-strict-aliasing -g -O2  conftest.c >&5
configure:14027: $? = 0
configure:14027: result: yes
configure:14027: checking gnutls/gnutls.h presence
configure:14027: gcc -E  conftest.c
configure:14027: $? = 0
configure:14027: result: yes
configure:14027: checking for gnutls/gnutls.h
configure:14027: result: yes
configure:14032: checking for gnutls_priority_set in -lgnutls
configure:14057: gcc -o conftest -fno-strict-aliasing -g -O2   conftest.c -lgnutls  -lpthread  >&5
configure:14057: $? = 0
configure:14066: result: yes
configure:14095: checking whether to support HTTPS
configure:14124: result: yes
configure:14137: checking whether to support HTTP basic and digest authentication
configure:14157: result: yes
configure:14172: checking whether -export-symbols-regex works
configure:14184: result: yes
configure:14189: checking whether to compile with support for code coverage analysis
configure:14198: result: no
configure:14482: creating ./config.status
configure:16783: Configuration Summary:
  Operating System:  linux-gnu
  libgcrypt:         yes
  libcurl (testing): no, many unit tests will not run
  Target directory:  /usr/local
  Messages:          yes
  HTTP Authentic.:   yes
  Postproc:          yes
  HTTPS support:     yes

configure:16799: HTTPS subsystem configuration:
  License         :  LGPL only
 

## ---------------- ##
## Cache variables. ##
## ---------------- ##

ac_cv_build=x86_64-unknown-linux-gnu
ac_cv_c_bigendian=no
ac_cv_c_compiler_gnu=yes
ac_cv_env_CC_set=
ac_cv_env_CC_value=
ac_cv_env_CFLAGS_set=
ac_cv_env_CFLAGS_value=
ac_cv_env_CPPFLAGS_set=
ac_cv_env_CPPFLAGS_value=
ac_cv_env_CPP_set=
ac_cv_env_CPP_value=
ac_cv_env_LDFLAGS_set=
ac_cv_env_LDFLAGS_value=
ac_cv_env_LIBS_set=
ac_cv_env_LIBS_value=
ac_cv_env_build_alias_set=
ac_cv_env_build_alias_value=
ac_cv_env_host_alias_set=
ac_cv_env_host_alias_value=
ac_cv_env_target_alias_set=
ac_cv_env_target_alias_value=
ac_cv_func_memmem=yes
ac_cv_have_decl_TCP_CORK=yes
ac_cv_have_decl_TCP_NOPUSH=no
ac_cv_header_arpa_inet_h=yes
ac_cv_header_dlfcn_h=yes
ac_cv_header_errno_h=yes
ac_cv_header_fcntl_h=yes
ac_cv_header_gnutls_gnutls_h=yes
ac_cv_header_inttypes_h=yes
ac_cv_header_limits_h=yes
ac_cv_header_locale_h=yes
ac_cv_header_math_h=yes
ac_cv_header_memory_h=yes
ac_cv_header_netdb_h=yes
ac_cv_header_netinet_in_h=yes
ac_cv_header_netinet_tcp_h=yes
ac_cv_header_plibc_h=no
ac_cv_header_poll_h=yes
ac_cv_header_pthread_h=yes
ac_cv_header_stdc=yes
ac_cv_header_stdint_h=yes
ac_cv_header_stdio_h=yes
ac_cv_header_stdlib_h=yes
ac_cv_header_string_h=yes
ac_cv_header_strings_h=yes
ac_cv_header_sys_mman_h=yes
ac_cv_header_sys_msg_h=yes
ac_cv_header_sys_select_h=yes
ac_cv_header_sys_socket_h=yes
ac_cv_header_sys_stat_h=yes
ac_cv_header_sys_time_h=yes
ac_cv_header_sys_types_h=yes
ac_cv_header_time_h=yes
ac_cv_header_unistd_h=yes
ac_cv_header_winsock2_h=no
ac_cv_header_ws2tcpip_h=no
ac_cv_host=x86_64-unknown-linux-gnu
ac_cv_lib_gnutls_gnutls_priority_set=yes
ac_cv_lib_pthread_pthread_create=yes
ac_cv_objext=o
ac_cv_path_EGREP='/bin/grep -E'
ac_cv_path_FGREP='/bin/grep -F'
ac_cv_path_GREP=/bin/grep
ac_cv_path_LIBGCRYPT_CONFIG=/usr/bin/libgcrypt-config
ac_cv_path_SED=/bin/sed
ac_cv_path_install='/usr/bin/install -c'
ac_cv_path_mkdir=/bin/mkdir
ac_cv_prog_AWK=gawk
ac_cv_prog_CPP='gcc -E'
ac_cv_prog_HAVE_CURL_BINARY=true
ac_cv_prog_HAVE_SOCAT=0
ac_cv_prog_HAVE_ZZUF=0
ac_cv_prog_ac_ct_AR=ar
ac_cv_prog_ac_ct_CC=gcc
ac_cv_prog_ac_ct_DLLTOOL=dlltool
ac_cv_prog_ac_ct_MANIFEST_TOOL=mt
ac_cv_prog_ac_ct_OBJDUMP=objdump
ac_cv_prog_ac_ct_RANLIB=ranlib
ac_cv_prog_ac_ct_STRIP=strip
ac_cv_prog_cc_c89=
ac_cv_prog_cc_g=yes
ac_cv_prog_cc_gcc_c_o=yes
ac_cv_prog_make_make_set=yes
ac_cv_sys_file_offset_bits=no
ac_cv_sys_largefile_CC=no
ac_cv_sys_largefile_source=no
am_cv_CC_dependencies_compiler_type=gcc3
gn_cv_export_symbols_regex_works=yes
libcurl_cv_lib_curl_usable=no
lt_cv_ar_at_file=@
lt_cv_archive_cmds_need_lc=no
lt_cv_deplibs_check_method=pass_all
lt_cv_file_magic_cmd='$MAGIC_CMD'
lt_cv_file_magic_test_file=
lt_cv_ld_reload_flag=-r
lt_cv_nm_interface='BSD nm'
lt_cv_objdir=.libs
lt_cv_path_LD=/usr/bin/ld
lt_cv_path_NM='/usr/bin/nm -B'
lt_cv_path_mainfest_tool=no
lt_cv_prog_compiler_c_o=yes
lt_cv_prog_compiler_pic='-fPIC -DPIC'
lt_cv_prog_compiler_pic_works=yes
lt_cv_prog_compiler_rtti_exceptions=no
lt_cv_prog_compiler_static_works=yes
lt_cv_prog_gnu_ld=yes
lt_cv_sharedlib_from_linklib_cmd='printf %s\n'
lt_cv_shlibpath_overrides_runpath=no
lt_cv_sys_global_symbol_pipe='sed -n -e '\''s/^.*[	 ]\([ABCDGIRSTW][ABCDGIRSTW]*\)[	 ][	 ]*\([_A-Za-z][_A-Za-z0-9]*\)$/\1 \2 \2/p'\'' | sed '\''/ __gnu_lto/d'\'''
lt_cv_sys_global_symbol_to_c_name_address='sed -n -e '\''s/^: \([^ ]*\)[ ]*$/  {\"\1\", (void *) 0},/p'\'' -e '\''s/^[ABCDGIRSTW]* \([^ ]*\) \([^ ]*\)$/  {"\2", (void *) \&\2},/p'\'''
lt_cv_sys_global_symbol_to_c_name_address_lib_prefix='sed -n -e '\''s/^: \([^ ]*\)[ ]*$/  {\"\1\", (void *) 0},/p'\'' -e '\''s/^[ABCDGIRSTW]* \([^ ]*\) \(lib[^ ]*\)$/  {"\2", (void *) \&\2},/p'\'' -e '\''s/^[ABCDGIRSTW]* \([^ ]*\) \([^ ]*\)$/  {"lib\2", (void *) \&\2},/p'\'''
lt_cv_sys_global_symbol_to_cdecl='sed -n -e '\''s/^T .* \(.*\)$/extern int \1();/p'\'' -e '\''s/^[ABCDGIRSTW]* .* \(.*\)$/extern char \1;/p'\'''
lt_cv_sys_max_cmd_len=3458764513820540925
lt_cv_to_host_file_cmd=func_convert_file_noop
lt_cv_to_tool_file_cmd=func_convert_file_noop

## ----------------- ##
## Output variables. ##
## ----------------- ##

ACLOCAL='${SHELL} /root/codebase/codebase/httpserver/libmicrohttpd-0.9.16/missing --run aclocal-1.11'
AMDEPBACKSLASH='\'
AMDEP_FALSE='#'
AMDEP_TRUE=''
AMTAR='${SHELL} /root/codebase/codebase/httpserver/libmicrohttpd-0.9.16/missing --run tar'
AR='ar'
AS='as'
AUTOCONF='${SHELL} /root/codebase/codebase/httpserver/libmicrohttpd-0.9.16/missing --run autoconf'
AUTOHEADER='${SHELL} /root/codebase/codebase/httpserver/libmicrohttpd-0.9.16/missing --run autoheader'
AUTOMAKE='${SHELL} /root/codebase/codebase/httpserver/libmicrohttpd-0.9.16/missing --run automake-1.11'
AWK='gawk'
CC='gcc'
CCDEPMODE='depmode=gcc3'
CFLAGS='-fno-strict-aliasing -g -O2'
CPP='gcc -E'
CPPFLAGS=''
CYGPATH_W='echo'
DEFS='-DHAVE_CONFIG_H'
DEPDIR='.deps'
DLLTOOL='dlltool'
DSYMUTIL=''
DUMPBIN=''
ECHO_C=''
ECHO_N='-n'
ECHO_T=''
EGREP='/bin/grep -E'
ENABLE_DAUTH_FALSE='#'
ENABLE_DAUTH_TRUE=''
ENABLE_HTTPS_FALSE='#'
ENABLE_HTTPS_TRUE=''
ENABLE_MINITASN1_FALSE='#'
ENABLE_MINITASN1_TRUE=''
ENABLE_OPENSSL_FALSE=''
ENABLE_OPENSSL_TRUE='#'
EXEEXT=''
EXT_LIBS=''
EXT_LIB_PATH=''
FGREP='/bin/grep -F'
GREP='/bin/grep'
HAVE_CURL_BINARY='true'
HAVE_CURL_BINARY_FALSE='#'
HAVE_CURL_BINARY_TRUE=''
HAVE_CURL_FALSE=''
HAVE_CURL_TRUE='#'
HAVE_GNUTLS_FALSE='#'
HAVE_GNUTLS_TRUE=''
HAVE_GNU_LD_FALSE='#'
HAVE_GNU_LD_TRUE=''
HAVE_LD_OUTPUT_DEF_FALSE=''
HAVE_LD_OUTPUT_DEF_TRUE='#'
HAVE_LD_VERSION_SCRIPT_FALSE=''
HAVE_LD_VERSION_SCRIPT_TRUE='#'
HAVE_POSTPROCESSOR_FALSE='#'
HAVE_POSTPROCESSOR_TRUE=''
HAVE_SOCAT='0'
HAVE_SOCAT_FALSE=''
HAVE_SOCAT_TRUE='#'
HAVE_W32_FALSE=''
HAVE_W32_TRUE='#'
HAVE_ZZUF='0'
HAVE_ZZUF_FALSE=''
HAVE_ZZUF_TRUE='#'
INSTALL_DATA='${INSTALL} -m 644'
INSTALL_PROGRAM='${INSTALL}'
INSTALL_SCRIPT='${INSTALL}'
INSTALL_STRIP_PROGRAM='$(install_sh) -c -s'
LD='/usr/bin/ld -m elf_x86_64'
LDFLAGS=''
LIBCURL=''
LIBCURL_CPPFLAGS=''
LIBGCRYPT_CFLAGS=''
LIBGCRYPT_CONFIG='/usr/bin/libgcrypt-config'
LIBGCRYPT_LIBS='-lgcrypt'
LIBOBJS=''
LIBS='-lpthread '
LIBTOOL='$(SHELL) $(top_builddir)/libtool'
LIB_VERSION_AGE='13'
LIB_VERSION_CURRENT='23'
LIB_VERSION_REVISION='0'
LIPO=''
LN_S='ln -s'
LTLIBOBJS=''
MAKEINFO='${SHELL} /root/codebase/codebase/httpserver/libmicrohttpd-0.9.16/missing --run makeinfo'
MANIFEST_TOOL=':'
MHD_LIBDEPS='-lgcrypt'
MHD_LIB_LDFLAGS='-export-dynamic -no-undefined'
MKDIR_P='/bin/mkdir -p'
NM='/usr/bin/nm -B'
NMEDIT=''
OBJDUMP='objdump'
OBJEXT='o'
OTOOL64=''
OTOOL=''
PACKAGE='libmicrohttpd'
PACKAGE_BUGREPORT='libmicrohttpd@gnu.org'
PACKAGE_NAME='libmicrohttpd'
PACKAGE_STRING='libmicrohttpd 0.9.16'
PACKAGE_TARNAME='libmicrohttpd'
PACKAGE_URL=''
PACKAGE_VERSION='0.9.16'
PATH_SEPARATOR=':'
PLIBC_CPPFLAGS=''
PLIBC_LDFLAGS=''
PLIBC_LIBS=''
PTHREAD_CPPFLAGS=''
PTHREAD_LDFLAGS=''
PTHREAD_LIBS='-lpthread'
RANLIB='ranlib'
SED='/bin/sed'
SET_MAKE=''
SHELL='/bin/bash'
STRIP='strip'
USE_COVERAGE_FALSE=''
USE_COVERAGE_TRUE='#'
USE_PRIVATE_PLIBC_H_FALSE='#'
USE_PRIVATE_PLIBC_H_TRUE=''
VERSION='0.9.16'
_libcurl_config=''
ac_ct_AR='ar'
ac_ct_CC='gcc'
ac_ct_DUMPBIN=''
am__EXEEXT_FALSE=''
am__EXEEXT_TRUE='#'
am__fastdepCC_FALSE='#'
am__fastdepCC_TRUE=''
am__include='include'
am__isrc=''
am__leading_dot='.'
am__quote=''
am__tar='${AMTAR} chof - "$$tardir"'
am__untar='${AMTAR} xf -'
bindir='${exec_prefix}/bin'
build='x86_64-unknown-linux-gnu'
build_alias=''
build_cpu='x86_64'
build_os='linux-gnu'
build_vendor='unknown'
datadir='${datarootdir}'
datarootdir='${prefix}/share'
docdir='${datarootdir}/doc/${PACKAGE_TARNAME}'
dvidir='${docdir}'
exec_prefix='${prefix}'
host='x86_64-unknown-linux-gnu'
host_alias=''
host_cpu='x86_64'
host_os='linux-gnu'
host_vendor='unknown'
htmldir='${docdir}'
includedir='${prefix}/include'
infodir='${datarootdir}/info'
install_sh='${SHELL} /root/codebase/codebase/httpserver/libmicrohttpd-0.9.16/install-sh'
libdir='${exec_prefix}/lib'
libexecdir='${exec_prefix}/libexec'
localedir='${datarootdir}/locale'
localstatedir='${prefix}/var'
mandir='${datarootdir}/man'
mkdir_p='/bin/mkdir -p'
oldincludedir='/usr/include'
pdfdir='${docdir}'
prefix='/usr/local'
program_transform_name='s,x,x,'
psdir='${docdir}'
sbindir='${exec_prefix}/sbin'
sharedstatedir='${prefix}/com'
sysconfdir='${prefix}/etc'
target_alias=''

## ----------- ##
## confdefs.h. ##
## ----------- ##

/* confdefs.h */
#define PACKAGE_NAME "libmicrohttpd"
#define PACKAGE_TARNAME "libmicrohttpd"
#define PACKAGE_VERSION "0.9.16"
#define PACKAGE_STRING "libmicrohttpd 0.9.16"
#define PACKAGE_BUGREPORT "libmicrohttpd@gnu.org"
#define PACKAGE_URL ""
#define PACKAGE "libmicrohttpd"
#define VERSION "0.9.16"
#define STDC_HEADERS 1
#define HAVE_SYS_TYPES_H 1
#define HAVE_SYS_STAT_H 1
#define HAVE_STDLIB_H 1
#define HAVE_STRING_H 1
#define HAVE_MEMORY_H 1
#define HAVE_STRINGS_H 1
#define HAVE_INTTYPES_H 1
#define HAVE_STDINT_H 1
#define HAVE_UNISTD_H 1
#define HAVE_DLFCN_H 1
#define LT_OBJDIR ".libs/"
#define LINUX 1
#define HAVE_LISTEN_SHUTDOWN 1
#define HAVE_FCNTL_H 1
#define HAVE_MATH_H 1
#define HAVE_ERRNO_H 1
#define HAVE_LIMITS_H 1
#define HAVE_STDIO_H 1
#define HAVE_LOCALE_H 1
#define HAVE_SYS_STAT_H 1
#define HAVE_SYS_TYPES_H 1
#define HAVE_PTHREAD_H 1
#define HAVE_SYS_TYPES_H 1
#define HAVE_SYS_TIME_H 1
#define HAVE_SYS_MSG_H 1
#define HAVE_NETDB_H 1
#define HAVE_NETINET_IN_H 1
#define HAVE_NETINET_TCP_H 1
#define HAVE_TIME_H 1
#define HAVE_SYS_SOCKET_H 1
#define HAVE_SYS_MMAN_H 1
#define HAVE_ARPA_INET_H 1
#define HAVE_SYS_SELECT_H 1
#define HAVE_POLL_H 1
#define HAVE_MEMMEM 1
#define HAVE_INET6 1
#define HAVE_DECL_TCP_CORK 1
#define HAVE_DECL_TCP_NOPUSH 0
#define MHD_REQ_CURL_VERSION "7.16.4"
#define MHD_REQ_CURL_OPENSSL_VERSION "0.9.8"
#define MHD_REQ_CURL_GNUTLS_VERSION "2.8.6"
#define MHD_REQ_CURL_NSS_VERSION "3.12.0"
#define HAVE_FSEEKO 1
#define HAVE_MESSAGES 1
#define MHD_GCRYPT_VERSION "1:1.2.2"
#define HAVE_GNUTLS_GNUTLS_H 1
#define HAVE_GNUTLS true
#define HTTPS_SUPPORT 1
#define DAUTH_SUPPORT 1

configure: exit 0

## ---------------------- ##
## Running config.status. ##
## ---------------------- ##

This file was extended by libmicrohttpd config.status 0.9.16, which was
generated by GNU Autoconf 2.69.  Invocation command line was

  CONFIG_FILES    = 
  CONFIG_HEADERS  = 
  CONFIG_LINKS    = 
  CONFIG_COMMANDS = 
  $ ./config.status 

on node1-1.sb6.orbit-lab.org

config.status:1181: creating libmicrohttpd.pc
config.status:1181: creating Makefile
config.status:1181: creating contrib/Makefile
config.status:1181: creating doc/Makefile
config.status:1181: creating m4/Makefile
config.status:1181: creating src/Makefile
config.status:1181: creating src/include/Makefile
config.status:1181: creating src/include/plibc/Makefile
config.status:1181: creating src/daemon/Makefile
config.status:1181: creating src/examples/Makefile
config.status:1181: creating src/testcurl/Makefile
config.status:1181: creating src/testcurl/https/Makefile
config.status:1181: creating src/testzzuf/Makefile
config.status:1181: creating MHD_config.h
config.status:1362: MHD_config.h is unchanged
config.status:1410: executing depfiles commands
config.status:1410: executing libtool commands

## ---------------------- ##
## Running config.status. ##
## ---------------------- ##

This file was extended by libmicrohttpd config.status 0.9.16, which was
generated by GNU Autoconf 2.69.  Invocation command line was

  CONFIG_FILES    = 
  CONFIG_HEADERS  = 
  CONFIG_LINKS    = 
  CONFIG_COMMANDS = 
  $ ./config.status MHD_config.h

on node1-1.sb6.orbit-lab.org

config.status:1181: creating MHD_config.h
